<?xml version="1.0" encoding="UTF-8"?>
<!-- Generated by org.testng.reporters.JUnitReportReporter -->
<testsuite skipped="0" hostname="DESKTOP-9RP06A2" name="org.pro.Sample" tests="1" failures="0" timestamp="03 Dec 2020 09:28:29 GMT" time="8.137" errors="0">
  <testcase name="test" time="8.137" classname="org.pro.Sample"/>
</testsuite> <!-- org.pro.Sample -->
