<?xml version="1.0" encoding="UTF-8"?>
<!-- Generated by org.testng.reporters.JUnitReportReporter -->
<testsuite skipped="0" hostname="DESKTOP-9RP06A2" name="org.pro.B" tests="3" failures="0" timestamp="15 Dec 2020 06:48:48 GMT" time="0.078" errors="0">
  <testcase name="testb1" time="0.031" classname="org.pro.B"/>
  <testcase name="testb3" time="0.016" classname="org.pro.B"/>
  <testcase name="testb2" time="0.031" classname="org.pro.B"/>
</testsuite> <!-- org.pro.B -->
