<?xml version="1.0" encoding="UTF-8"?>
<!-- Generated by org.testng.reporters.JUnitReportReporter -->
<testsuite skipped="0" hostname="DESKTOP-9RP06A2" name="org.pro.A" tests="3" failures="0" timestamp="15 Dec 2020 06:48:48 GMT" time="0.078" errors="0">
  <testcase name="testa2" time="0.031" classname="org.pro.A"/>
  <testcase name="testa3" time="0.031" classname="org.pro.A"/>
  <testcase name="testa1" time="0.016" classname="org.pro.A"/>
</testsuite> <!-- org.pro.A -->
