<?xml version="1.0" encoding="UTF-8"?>
<!-- Generated by org.testng.reporters.JUnitReportReporter -->
<testsuite skipped="0" hostname="DESKTOP-9RP06A2" name="org.pro.C" tests="3" failures="0" timestamp="15 Dec 2020 06:48:48 GMT" time="0.016" errors="0">
  <testcase name="testc3" time="0.000" classname="org.pro.C"/>
  <testcase name="testc2" time="0.000" classname="org.pro.C"/>
  <testcase name="testc1" time="0.016" classname="org.pro.C"/>
</testsuite> <!-- org.pro.C -->
