<?xml version="1.0" encoding="UTF-8"?>
<!-- Generated by org.testng.reporters.JUnitReportReporter -->
<testsuite skipped="0" hostname="DESKTOP-9RP06A2" name="org.pro.DataPr" tests="1" failures="0" timestamp="09 Dec 2020 09:12:22 GMT" time="29.783" errors="0">
  <testcase name="test" time="29.783" classname="org.pro.DataPr"/>
</testsuite> <!-- org.pro.DataPr -->
